[debug] [2020-07-16T12:48:08.396Z] ----------------------------------------------------------------------
[debug] [2020-07-16T12:48:08.399Z] Command:       C:\Program Files\nodejs\node.exe C:\Users\avinash_pr\AppData\Roaming\npm\node_modules\firebase-tools\lib\bin\firebase.js login
[debug] [2020-07-16T12:48:08.399Z] CLI Version:   8.6.0
[debug] [2020-07-16T12:48:08.399Z] Platform:      win32
[debug] [2020-07-16T12:48:08.399Z] Node Version:  v12.18.2
[debug] [2020-07-16T12:48:08.411Z] Time:          Thu Jul 16 2020 18:18:08 GMT+0530 (India Standard Time)
[debug] [2020-07-16T12:48:08.411Z] ----------------------------------------------------------------------
[debug] [2020-07-16T12:48:08.411Z] 
[info] i  Firebase optionally collects CLI usage and error reporting information to help improve our products. Data is collected in accordance with Google's privacy policy (https://policies.google.com/privacy) and is not used to identify you.
 
[info] i  To change your data collection preference at any time, run `firebase logout` and log in again. 
[info] 
[info] Visit this URL on this device to log in:
[info] https://accounts.google.com/o/oauth2/auth?client_id=563584335869-fgrhgmd47bqnekij5i8b5pr03ho849e6.apps.googleusercontent.com&scope=email%20openid%20https%3A%2F%2Fwww.googleapis.com%2Fauth%2Fcloudplatformprojects.readonly%20https%3A%2F%2Fwww.googleapis.com%2Fauth%2Ffirebase%20https%3A%2F%2Fwww.googleapis.com%2Fauth%2Fcloud-platform&response_type=code&state=1026698614&redirect_uri=http%3A%2F%2Flocalhost%3A9005
[info] 
[info] Waiting for authentication...
[debug] [2020-07-16T12:49:15.182Z] >>> HTTP REQUEST POST https://accounts.google.com/o/oauth2/token  
 {"code":"4/1wHKSfRxbIjUddEWZSvOAaC9kWjL9Yj8GLp5JNNX4P_ulNEN_WgvBJzRfNdwbtZJIj76XQZ3r022ALvFZB4ZQuI","client_id":"563584335869-fgrhgmd47bqnekij5i8b5pr03ho849e6.apps.googleusercontent.com","client_secret":"j9iVZfS8kkCEFUPaAeJV0sAi","redirect_uri":"http://localhost:9005","grant_type":"authorization_code"}
[debug] [2020-07-16T12:49:15.508Z] Token Fetch Error: FirebaseError: Server Error. unable to get local issuer certificate
    at Request._callback (C:\Users\avinash_pr\AppData\Roaming\npm\node_modules\firebase-tools\lib\api.js:32:31)
    at self.callback (C:\Users\avinash_pr\AppData\Roaming\npm\node_modules\firebase-tools\node_modules\request\request.js:185:22)
    at Request.emit (events.js:315:20)
    at Request.EventEmitter.emit (domain.js:482:12)
    at Request.onRequestError (C:\Users\avinash_pr\AppData\Roaming\npm\node_modules\firebase-tools\node_modules\request\request.js:877:8)
    at ClientRequest.emit (events.js:315:20)
    at ClientRequest.EventEmitter.emit (domain.js:482:12)
    at TLSSocket.socketErrorListener (_http_client.js:426:9)
    at TLSSocket.emit (events.js:315:20)
    at TLSSocket.EventEmitter.emit (domain.js:482:12)
    at emitErrorNT (internal/streams/destroy.js:92:8)
    at emitErrorAndCloseNT (internal/streams/destroy.js:60:3)
    at processTicksAndRejections (internal/process/task_queues.js:84:21)
[debug] [2020-07-16T12:49:40.396Z] >>> HTTP REQUEST POST https://accounts.google.com/o/oauth2/token  
 {"code":"4/1wGLbHp1yhkA2TPejOQMy6e_One9kDzTJcQsl7kJI4Bv4PKTYV5qDECW0-M-7k9S20HZLIIosGCFDlJ2OHsAKTc","client_id":"563584335869-fgrhgmd47bqnekij5i8b5pr03ho849e6.apps.googleusercontent.com","client_secret":"j9iVZfS8kkCEFUPaAeJV0sAi","redirect_uri":"http://localhost:9005","grant_type":"authorization_code"}
[debug] [2020-07-16T12:49:40.701Z] Token Fetch Error: FirebaseError: Server Error. unable to get local issuer certificate
    at Request._callback (C:\Users\avinash_pr\AppData\Roaming\npm\node_modules\firebase-tools\lib\api.js:32:31)
    at self.callback (C:\Users\avinash_pr\AppData\Roaming\npm\node_modules\firebase-tools\node_modules\request\request.js:185:22)
    at Request.emit (events.js:315:20)
    at Request.EventEmitter.emit (domain.js:482:12)
    at Request.onRequestError (C:\Users\avinash_pr\AppData\Roaming\npm\node_modules\firebase-tools\node_modules\request\request.js:877:8)
    at ClientRequest.emit (events.js:315:20)
    at ClientRequest.EventEmitter.emit (domain.js:482:12)
    at TLSSocket.socketErrorListener (_http_client.js:426:9)
    at TLSSocket.emit (events.js:315:20)
    at TLSSocket.EventEmitter.emit (domain.js:482:12)
    at emitErrorNT (internal/streams/destroy.js:92:8)
    at emitErrorAndCloseNT (internal/streams/destroy.js:60:3)
    at processTicksAndRejections (internal/process/task_queues.js:84:21)
[debug] [2020-07-16T12:52:11.437Z] ----------------------------------------------------------------------
[debug] [2020-07-16T12:52:11.440Z] Command:       C:\Program Files\nodejs\node.exe C:\Users\avinash_pr\AppData\Roaming\npm\node_modules\firebase-tools\lib\bin\firebase.js login
[debug] [2020-07-16T12:52:11.440Z] CLI Version:   8.6.0
[debug] [2020-07-16T12:52:11.440Z] Platform:      win32
[debug] [2020-07-16T12:52:11.440Z] Node Version:  v12.18.2
[debug] [2020-07-16T12:52:11.452Z] Time:          Thu Jul 16 2020 18:22:11 GMT+0530 (India Standard Time)
[debug] [2020-07-16T12:52:11.452Z] ----------------------------------------------------------------------
[debug] [2020-07-16T12:52:11.453Z] 
[info] i  Firebase optionally collects CLI usage and error reporting information to help improve our products. Data is collected in accordance with Google's privacy policy (https://policies.google.com/privacy) and is not used to identify you.
 
[info] i  To change your data collection preference at any time, run `firebase logout` and log in again. 
[info] 
[info] Visit this URL on this device to log in:
[info] https://accounts.google.com/o/oauth2/auth?client_id=563584335869-fgrhgmd47bqnekij5i8b5pr03ho849e6.apps.googleusercontent.com&scope=email%20openid%20https%3A%2F%2Fwww.googleapis.com%2Fauth%2Fcloudplatformprojects.readonly%20https%3A%2F%2Fwww.googleapis.com%2Fauth%2Ffirebase%20https%3A%2F%2Fwww.googleapis.com%2Fauth%2Fcloud-platform&response_type=code&state=247852562&redirect_uri=http%3A%2F%2Flocalhost%3A9005
[info] 
[info] Waiting for authentication...
[debug] [2020-07-16T12:52:43.327Z] >>> HTTP REQUEST POST https://accounts.google.com/o/oauth2/token  
 {"code":"4/1wHEdEmb5yylNviz9hhTP7zYRrAjq4_Fl2OPmXMDruBWT79ONc0hN3oYyKDpHkGksawi-mB1RriDrp2D_X7vvNc","client_id":"563584335869-fgrhgmd47bqnekij5i8b5pr03ho849e6.apps.googleusercontent.com","client_secret":"j9iVZfS8kkCEFUPaAeJV0sAi","redirect_uri":"http://localhost:9005","grant_type":"authorization_code"}
[debug] [2020-07-16T12:52:43.616Z] Token Fetch Error: FirebaseError: Server Error. unable to get local issuer certificate
    at Request._callback (C:\Users\avinash_pr\AppData\Roaming\npm\node_modules\firebase-tools\lib\api.js:32:31)
    at self.callback (C:\Users\avinash_pr\AppData\Roaming\npm\node_modules\firebase-tools\node_modules\request\request.js:185:22)
    at Request.emit (events.js:315:20)
    at Request.EventEmitter.emit (domain.js:482:12)
    at Request.onRequestError (C:\Users\avinash_pr\AppData\Roaming\npm\node_modules\firebase-tools\node_modules\request\request.js:877:8)
    at ClientRequest.emit (events.js:315:20)
    at ClientRequest.EventEmitter.emit (domain.js:482:12)
    at TLSSocket.socketErrorListener (_http_client.js:426:9)
    at TLSSocket.emit (events.js:315:20)
    at TLSSocket.EventEmitter.emit (domain.js:482:12)
    at emitErrorNT (internal/streams/destroy.js:92:8)
    at emitErrorAndCloseNT (internal/streams/destroy.js:60:3)
    at processTicksAndRejections (internal/process/task_queues.js:84:21)
